#
# There is insufficient memory for the Java Runtime Environment to continue.
# Native memory allocation (malloc) failed to allocate 1958096 bytes for Chunk::new
# Possible reasons:
#   The system is out of physical RAM or swap space
#   The process is running with CompressedOops enabled, and the Java Heap may be blocking the growth of the native heap
# Possible solutions:
#   Reduce memory load on the system
#   Increase physical memory or swap space
#   Check if swap backing store is full
#   Decrease Java heap size (-Xmx/-Xms)
#   Decrease number of Java threads
#   Decrease Java thread stack sizes (-Xss)
#   Set larger code cache with -XX:ReservedCodeCacheSize=
#   JVM is running with Unscaled Compressed Oops mode in which the Java heap is
#     placed in the first 4GB address space. The Java Heap base address is the
#     maximum limit for the native heap growth. Please use -XX:HeapBaseMinAddress
#     to set the Java Heap base and to place the Java Heap above 4GB virtual address.
# This output file may be truncated or incomplete.
#
#  Out of Memory Error (arena.cpp:195), pid=13268, tid=5856
#
# JRE version: Java(TM) SE Runtime Environment (16.0.1+9) (build 16.0.1+9-24)
# Java VM: Java HotSpot(TM) 64-Bit Server VM (16.0.1+9-24, mixed mode, sharing, tiered, compressed oops, compressed class ptrs, g1 gc, windows-amd64)
# No core dump will be written. Minidumps are not enabled by default on client versions of Windows
#

---------------  S U M M A R Y ------------

Command Line: -javaagent:C:\Desarrollo\IntelliJ IDEA Community Edition 2021.1.2\lib\idea_rt.jar=62035:C:\Desarrollo\IntelliJ IDEA Community Edition 2021.1.2\bin -Dfile.encoding=UTF-8 com.aldeamo.bartender.BarTenderApplication

Host: AMD A6-7310 APU with AMD Radeon R4 Graphics    , 4 cores, 3G,  Windows 10 , 64 bit Build 19041 (10.0.19041.1503)
Time: Thu Feb 24 15:11:26 2022 Hora est. Pacífico, Sudamérica elapsed time: 78.906625 seconds (0d 0h 1m 18s)

---------------  T H R E A D  ---------------

Current thread (0x000001c0bb611b80):  JavaThread "C2 CompilerThread0" daemon [_thread_in_native, id=5856, stack(0x0000000904300000,0x0000000904400000)]


Current CompileTask:
C2:  78907 5512       4       org.springframework.core.annotation.TypeMappedAnnotations::get (8 bytes)

Stack: [0x0000000904300000,0x0000000904400000]
Native frames: (J=compiled Java code, j=interpreted, Vv=VM code, C=native code)
V  [jvm.dll+0x6687ca]
V  [jvm.dll+0x7ca3c9]
V  [jvm.dll+0x7cbb53]
V  [jvm.dll+0x7cc1b3]
V  [jvm.dll+0x242ea5]
V  [jvm.dll+0xadeca]
V  [jvm.dll+0xae5ac]
V  [jvm.dll+0x35aed2]
V  [jvm.dll+0x3253d1]
V  [jvm.dll+0x32487a]
V  [jvm.dll+0x215f3c]
V  [jvm.dll+0x215350]
V  [jvm.dll+0x1a1d9b]
V  [jvm.dll+0x2253a8]
V  [jvm.dll+0x2233ec]
V  [jvm.dll+0x780002]
V  [jvm.dll+0x779b4a]
V  [jvm.dll+0x667666]
C  [ucrtbase.dll+0x21bb2]
C  [KERNEL32.DLL+0x17034]
C  [ntdll.dll+0x52651]


---------------  P R O C E S S  ---------------

Threads class SMR info:
_java_thread_list=0x000001c0bfaf8a60, length=24, elements={
0x000001c0bb5fda40, 0x000001c0bb5fe810, 0x000001c0bb60e400, 0x000001c0bb60fd20,
0x000001c0bb610630, 0x000001c0bb610f40, 0x000001c0bb611b80, 0x000001c0bb6124d0,
0x000001c0bb62d5f0, 0x000001c09eb4afb0, 0x000001c0bc534120, 0x000001c0bc538f60,
0x000001c0be24e9f0, 0x000001c0be245af0, 0x000001c0be247580, 0x000001c0be247030,
0x000001c0be246ae0, 0x000001c0be244b00, 0x000001c0be246590, 0x000001c0be244060,
0x000001c0be2445b0, 0x000001c0be245050, 0x000001c0be2455a0, 0x000001c0bfbc78c0
}

Java Threads: ( => current thread )
  0x000001c0bb5fda40 JavaThread "Reference Handler" daemon [_thread_blocked, id=12860, stack(0x0000000903d00000,0x0000000903e00000)]
  0x000001c0bb5fe810 JavaThread "Finalizer" daemon [_thread_blocked, id=1964, stack(0x0000000903e00000,0x0000000903f00000)]
  0x000001c0bb60e400 JavaThread "Signal Dispatcher" daemon [_thread_blocked, id=9556, stack(0x0000000903f00000,0x0000000904000000)]
  0x000001c0bb60fd20 JavaThread "Attach Listener" daemon [_thread_blocked, id=10484, stack(0x0000000904000000,0x0000000904100000)]
  0x000001c0bb610630 JavaThread "Service Thread" daemon [_thread_blocked, id=7576, stack(0x0000000904100000,0x0000000904200000)]
  0x000001c0bb610f40 JavaThread "Monitor Deflation Thread" daemon [_thread_blocked, id=2916, stack(0x0000000904200000,0x0000000904300000)]
=>0x000001c0bb611b80 JavaThread "C2 CompilerThread0" daemon [_thread_in_native, id=5856, stack(0x0000000904300000,0x0000000904400000)]
  0x000001c0bb6124d0 JavaThread "C1 CompilerThread0" daemon [_thread_blocked, id=7132, stack(0x0000000904400000,0x0000000904500000)]
  0x000001c0bb62d5f0 JavaThread "Sweeper thread" daemon [_thread_blocked, id=4036, stack(0x0000000904500000,0x0000000904600000)]
  0x000001c09eb4afb0 JavaThread "Common-Cleaner" daemon [_thread_blocked, id=6448, stack(0x0000000904600000,0x0000000904700000)]
  0x000001c0bc534120 JavaThread "Monitor Ctrl-Break" daemon [_thread_in_native, id=9480, stack(0x0000000904700000,0x0000000904800000)]
  0x000001c0bc538f60 JavaThread "Notification Thread" daemon [_thread_blocked, id=10800, stack(0x0000000904800000,0x0000000904900000)]
  0x000001c0be24e9f0 JavaThread "Catalina-utility-1" [_thread_blocked, id=4120, stack(0x0000000904e00000,0x0000000904f00000)]
  0x000001c0be245af0 JavaThread "Catalina-utility-2" [_thread_blocked, id=7240, stack(0x0000000904f00000,0x0000000905000000)]
  0x000001c0be247580 JavaThread "container-0" [_thread_blocked, id=4976, stack(0x0000000905000000,0x0000000905100000)]
  0x000001c0be247030 JavaThread "mysql-cj-abandoned-connection-cleanup" daemon [_thread_blocked, id=3728, stack(0x0000000905100000,0x0000000905200000)]
  0x000001c0be246ae0 JavaThread "HikariPool-1 housekeeper" daemon [_thread_blocked, id=7044, stack(0x0000000905300000,0x0000000905400000)]
  0x000001c0be244b00 JavaThread "http-nio-8080-Poller" daemon [_thread_in_native, id=14284, stack(0x0000000905500000,0x0000000905600000)]
  0x000001c0be246590 JavaThread "http-nio-8080-Acceptor" daemon [_thread_in_native, id=700, stack(0x0000000905600000,0x0000000905700000)]
  0x000001c0be244060 JavaThread "DestroyJavaVM" [_thread_blocked, id=11668, stack(0x0000000903600000,0x0000000903700000)]
  0x000001c0be2445b0 JavaThread "http-nio-8080-exec-1" daemon [_thread_in_Java, id=3332, stack(0x0000000903300000,0x0000000903400000)]
  0x000001c0be245050 JavaThread "ForkJoinPool.commonPool-worker-3" daemon [_thread_blocked, id=11492, stack(0x0000000903400000,0x0000000903500000)]
  0x000001c0be2455a0 JavaThread "ForkJoinPool.commonPool-worker-5" daemon [_thread_blocked, id=13340, stack(0x0000000903500000,0x0000000903600000)]
  0x000001c0bfbc78c0 JavaThread "ForkJoinPool.commonPool-worker-7" daemon [_thread_blocked, id=900, stack(0x0000000905400000,0x0000000905500000)]

Other Threads:
  0x000001c0bb5f5fd0 VMThread "VM Thread" [stack: 0x0000000903c00000,0x0000000903d00000] [id=4436]
  0x000001c0bc534640 WatcherThread [stack: 0x0000000904900000,0x0000000904a00000] [id=12872]
  0x000001c09eab3e40 GCTaskThread "GC Thread#0" [stack: 0x0000000903700000,0x0000000903800000] [id=6408]
  0x000001c0bc9df020 GCTaskThread "GC Thread#1" [stack: 0x0000000904a00000,0x0000000904b00000] [id=4696]
  0x000001c0bc9df330 GCTaskThread "GC Thread#2" [stack: 0x0000000904b00000,0x0000000904c00000] [id=13500]
  0x000001c0bc9df640 GCTaskThread "GC Thread#3" [stack: 0x0000000904c00000,0x0000000904d00000] [id=13980]
  0x000001c09eabdaf0 ConcurrentGCThread "G1 Main Marker" [stack: 0x0000000903800000,0x0000000903900000] [id=3700]
  0x000001c09eabe470 ConcurrentGCThread "G1 Conc#0" [stack: 0x0000000903900000,0x0000000903a00000] [id=10508]
  0x000001c09eafa2d0 ConcurrentGCThread "G1 Refine#0" [stack: 0x0000000903a00000,0x0000000903b00000] [id=10256]
  0x000001c0bc9e3ba0 ConcurrentGCThread "G1 Refine#1" [stack: 0x0000000904d00000,0x0000000904e00000] [id=11844]
  0x000001c09eafac60 ConcurrentGCThread "G1 Service" [stack: 0x0000000903b00000,0x0000000903c00000] [id=12688]

Threads with active compile tasks:
C2 CompilerThread0    79177 5512       4       org.springframework.core.annotation.TypeMappedAnnotations::get (8 bytes)

VM state: not at safepoint (normal execution)

VM Mutex/Monitor currently owned by a thread: None

Heap address: 0x00000000c9600000, size: 874 MB, Compressed Oops mode: 32-bit

CDS archive(s) mapped at: [0x0000000800000000-0x0000000800bb0000-0x0000000800bb0000), size 12255232, SharedBaseAddress: 0x0000000800000000, ArchiveRelocationMode: 0.
Compressed class space mapped at: 0x0000000800c00000-0x0000000840c00000, reserved size: 1073741824
Narrow klass base: 0x0000000800000000, Narrow klass shift: 3, Narrow klass range: 0x100000000

GC Precious Log:
 CPUs: 4 total, 4 available
 Memory: 3490M
 Large Page Support: Disabled
 NUMA Support: Disabled
 Compressed Oops: Enabled (32-bit)
 Heap Region Size: 1M
 Heap Min Capacity: 8M
 Heap Initial Capacity: 56M
 Heap Max Capacity: 874M
 Pre-touch: Disabled
 Parallel Workers: 4
 Concurrent Workers: 1
 Concurrent Refinement Workers: 4
 Periodic GC: Disabled

Heap:
 garbage-first heap   total 163840K, used 63043K [0x00000000c9600000, 0x0000000100000000)
  region size 1024K, 22 young (22528K), 3 survivors (3072K)
 Metaspace       used 58182K, committed 58560K, reserved 1105920K
  class space    used 7608K, committed 7808K, reserved 1048576K

Heap Regions: E=young(eden), S=young(survivor), O=old, HS=humongous(starts), HC=humongous(continues), CS=collection set, F=free, OA=open archive, CA=closed archive, TAMS=top-at-mark-start (previous, next)
|   0|0x00000000c9600000, 0x00000000c9700000, 0x00000000c9700000|100%|HS|  |TAMS 0x00000000c9700000, 0x00000000c9700000| Complete 
|   1|0x00000000c9700000, 0x00000000c9800000, 0x00000000c9800000|100%| O|  |TAMS 0x00000000c9800000, 0x00000000c9800000| Untracked 
|   2|0x00000000c9800000, 0x00000000c9900000, 0x00000000c9900000|100%| O|  |TAMS 0x00000000c9900000, 0x00000000c9900000| Untracked 
|   3|0x00000000c9900000, 0x00000000c9a00000, 0x00000000c9a00000|100%| O|  |TAMS 0x00000000c9a00000, 0x00000000c9a00000| Untracked 
|   4|0x00000000c9a00000, 0x00000000c9b00000, 0x00000000c9b00000|100%| O|  |TAMS 0x00000000c9b00000, 0x00000000c9b00000| Untracked 
|   5|0x00000000c9b00000, 0x00000000c9c00000, 0x00000000c9c00000|100%| O|  |TAMS 0x00000000c9c00000, 0x00000000c9c00000| Untracked 
|   6|0x00000000c9c00000, 0x00000000c9d00000, 0x00000000c9d00000|100%| O|  |TAMS 0x00000000c9d00000, 0x00000000c9d00000| Untracked 
|   7|0x00000000c9d00000, 0x00000000c9e00000, 0x00000000c9e00000|100%| O|  |TAMS 0x00000000c9e00000, 0x00000000c9e00000| Untracked 
|   8|0x00000000c9e00000, 0x00000000c9f00000, 0x00000000c9f00000|100%| O|  |TAMS 0x00000000c9f00000, 0x00000000c9f00000| Untracked 
|   9|0x00000000c9f00000, 0x00000000c9f00000, 0x00000000ca000000|  0%| F|  |TAMS 0x00000000c9f00000, 0x00000000c9f00000| Untracked 
|  10|0x00000000ca000000, 0x00000000ca100000, 0x00000000ca100000|100%| O|  |TAMS 0x00000000ca100000, 0x00000000ca100000| Untracked 
|  11|0x00000000ca100000, 0x00000000ca200000, 0x00000000ca200000|100%| O|  |TAMS 0x00000000ca200000, 0x00000000ca200000| Untracked 
|  12|0x00000000ca200000, 0x00000000ca300000, 0x00000000ca300000|100%| O|  |TAMS 0x00000000ca300000, 0x00000000ca300000| Untracked 
|  13|0x00000000ca300000, 0x00000000ca400000, 0x00000000ca400000|100%| O|  |TAMS 0x00000000ca400000, 0x00000000ca400000| Untracked 
|  14|0x00000000ca400000, 0x00000000ca500000, 0x00000000ca500000|100%| O|  |TAMS 0x00000000ca500000, 0x00000000ca500000| Untracked 
|  15|0x00000000ca500000, 0x00000000ca600000, 0x00000000ca600000|100%| O|  |TAMS 0x00000000ca600000, 0x00000000ca600000| Untracked 
|  16|0x00000000ca600000, 0x00000000ca700000, 0x00000000ca700000|100%| O|  |TAMS 0x00000000ca700000, 0x00000000ca700000| Untracked 
|  17|0x00000000ca700000, 0x00000000ca800000, 0x00000000ca800000|100%| O|  |TAMS 0x00000000ca800000, 0x00000000ca800000| Untracked 
|  18|0x00000000ca800000, 0x00000000ca900000, 0x00000000ca900000|100%| O|  |TAMS 0x00000000ca900000, 0x00000000ca900000| Untracked 
|  19|0x00000000ca900000, 0x00000000caa00000, 0x00000000caa00000|100%| O|  |TAMS 0x00000000caa00000, 0x00000000caa00000| Untracked 
|  20|0x00000000caa00000, 0x00000000cab00000, 0x00000000cab00000|100%| O|  |TAMS 0x00000000cab00000, 0x00000000cab00000| Untracked 
|  21|0x00000000cab00000, 0x00000000cac00000, 0x00000000cac00000|100%| O|  |TAMS 0x00000000cac00000, 0x00000000cac00000| Untracked 
|  22|0x00000000cac00000, 0x00000000cad00000, 0x00000000cad00000|100%| O|  |TAMS 0x00000000cad00000, 0x00000000cad00000| Untracked 
|  23|0x00000000cad00000, 0x00000000cae00000, 0x00000000cae00000|100%| O|  |TAMS 0x00000000cae00000, 0x00000000cae00000| Untracked 
|  24|0x00000000cae00000, 0x00000000caf00000, 0x00000000caf00000|100%| O|  |TAMS 0x00000000caf00000, 0x00000000caf00000| Untracked 
|  25|0x00000000caf00000, 0x00000000cb000000, 0x00000000cb000000|100%| O|  |TAMS 0x00000000cb000000, 0x00000000cb000000| Untracked 
|  26|0x00000000cb000000, 0x00000000cb100000, 0x00000000cb100000|100%| O|  |TAMS 0x00000000cb000000, 0x00000000cb000000| Untracked 
|  27|0x00000000cb100000, 0x00000000cb200000, 0x00000000cb200000|100%| O|  |TAMS 0x00000000cb100000, 0x00000000cb100000| Untracked 
|  28|0x00000000cb200000, 0x00000000cb300000, 0x00000000cb300000|100%| O|  |TAMS 0x00000000cb200000, 0x00000000cb200000| Untracked 
|  29|0x00000000cb300000, 0x00000000cb400000, 0x00000000cb400000|100%| O|  |TAMS 0x00000000cb300000, 0x00000000cb300000| Untracked 
|  30|0x00000000cb400000, 0x00000000cb490e00, 0x00000000cb500000| 56%| O|  |TAMS 0x00000000cb400000, 0x00000000cb400000| Untracked 
|  31|0x00000000cb500000, 0x00000000cb500000, 0x00000000cb600000|  0%| F|  |TAMS 0x00000000cb500000, 0x00000000cb500000| Untracked 
|  32|0x00000000cb600000, 0x00000000cb700000, 0x00000000cb700000|100%| O|  |TAMS 0x00000000cb700000, 0x00000000cb700000| Untracked 
|  33|0x00000000cb700000, 0x00000000cb800000, 0x00000000cb800000|100%| O|  |TAMS 0x00000000cb700000, 0x00000000cb800000| Untracked 
|  34|0x00000000cb800000, 0x00000000cb800000, 0x00000000cb900000|  0%| F|  |TAMS 0x00000000cb800000, 0x00000000cb800000| Untracked 
|  35|0x00000000cb900000, 0x00000000cba00000, 0x00000000cba00000|100%| O|  |TAMS 0x00000000cba00000, 0x00000000cba00000| Untracked 
|  36|0x00000000cba00000, 0x00000000cbb00000, 0x00000000cbb00000|100%| O|  |TAMS 0x00000000cba00000, 0x00000000cbb00000| Untracked 
|  37|0x00000000cbb00000, 0x00000000cbc00000, 0x00000000cbc00000|100%| O|  |TAMS 0x00000000cbb00000, 0x00000000cbc00000| Untracked 
|  38|0x00000000cbc00000, 0x00000000cbd00000, 0x00000000cbd00000|100%| O|  |TAMS 0x00000000cbc00000, 0x00000000cbd00000| Untracked 
|  39|0x00000000cbd00000, 0x00000000cbe00000, 0x00000000cbe00000|100%| O|  |TAMS 0x00000000cbd00000, 0x00000000cbe00000| Untracked 
|  40|0x00000000cbe00000, 0x00000000cbf00000, 0x00000000cbf00000|100%| O|  |TAMS 0x00000000cbe00000, 0x00000000cbf00000| Untracked 
|  41|0x00000000cbf00000, 0x00000000cc000000, 0x00000000cc000000|100%| O|  |TAMS 0x00000000cbf00000, 0x00000000cc000000| Untracked 
|  42|0x00000000cc000000, 0x00000000cc100000, 0x00000000cc100000|100%| O|  |TAMS 0x00000000cc000000, 0x00000000cc100000| Untracked 
|  43|0x00000000cc100000, 0x00000000cc200000, 0x00000000cc200000|100%| O|  |TAMS 0x00000000cc100000, 0x00000000cc16e600| Untracked 
|  44|0x00000000cc200000, 0x00000000cc200000, 0x00000000cc300000|  0%| F|  |TAMS 0x00000000cc200000, 0x00000000cc200000| Untracked 
|  45|0x00000000cc300000, 0x00000000cc300000, 0x00000000cc400000|  0%| F|  |TAMS 0x00000000cc300000, 0x00000000cc300000| Untracked 
|  46|0x00000000cc400000, 0x00000000cc400000, 0x00000000cc500000|  0%| F|  |TAMS 0x00000000cc400000, 0x00000000cc400000| Untracked 
|  47|0x00000000cc500000, 0x00000000cc500000, 0x00000000cc600000|  0%| F|  |TAMS 0x00000000cc500000, 0x00000000cc500000| Untracked 
|  48|0x00000000cc600000, 0x00000000cc600000, 0x00000000cc700000|  0%| F|  |TAMS 0x00000000cc600000, 0x00000000cc600000| Untracked 
|  49|0x00000000cc700000, 0x00000000cc700000, 0x00000000cc800000|  0%| F|  |TAMS 0x00000000cc700000, 0x00000000cc700000| Untracked 
|  50|0x00000000cc800000, 0x00000000cc800000, 0x00000000cc900000|  0%| F|  |TAMS 0x00000000cc800000, 0x00000000cc800000| Untracked 
|  51|0x00000000cc900000, 0x00000000cc900000, 0x00000000cca00000|  0%| F|  |TAMS 0x00000000cc900000, 0x00000000cc900000| Untracked 
|  52|0x00000000cca00000, 0x00000000cca00000, 0x00000000ccb00000|  0%| F|  |TAMS 0x00000000cca00000, 0x00000000cca00000| Untracked 
|  53|0x00000000ccb00000, 0x00000000ccb00000, 0x00000000ccc00000|  0%| F|  |TAMS 0x00000000ccb00000, 0x00000000ccb00000| Untracked 
|  54|0x00000000ccc00000, 0x00000000ccd00000, 0x00000000ccd00000|100%| S|CS|TAMS 0x00000000ccc00000, 0x00000000ccc00000| Complete 
|  55|0x00000000ccd00000, 0x00000000cce00000, 0x00000000cce00000|100%| S|CS|TAMS 0x00000000ccd00000, 0x00000000ccd00000| Complete 
|  56|0x00000000cce00000, 0x00000000ccf00000, 0x00000000ccf00000|100%| S|CS|TAMS 0x00000000cce00000, 0x00000000cce00000| Complete 
|  57|0x00000000ccf00000, 0x00000000ccf00000, 0x00000000cd000000|  0%| F|  |TAMS 0x00000000ccf00000, 0x00000000ccf00000| Untracked 
|  58|0x00000000cd000000, 0x00000000cd000000, 0x00000000cd100000|  0%| F|  |TAMS 0x00000000cd000000, 0x00000000cd000000| Untracked 
|  59|0x00000000cd100000, 0x00000000cd100000, 0x00000000cd200000|  0%| F|  |TAMS 0x00000000cd100000, 0x00000000cd100000| Untracked 
|  60|0x00000000cd200000, 0x00000000cd200000, 0x00000000cd300000|  0%| F|  |TAMS 0x00000000cd200000, 0x00000000cd200000| Untracked 
|  61|0x00000000cd300000, 0x00000000cd300000, 0x00000000cd400000|  0%| F|  |TAMS 0x00000000cd300000, 0x00000000cd300000| Untracked 
|  62|0x00000000cd400000, 0x00000000cd400000, 0x00000000cd500000|  0%| F|  |TAMS 0x00000000cd400000, 0x00000000cd400000| Untracked 
|  63|0x00000000cd500000, 0x00000000cd500000, 0x00000000cd600000|  0%| F|  |TAMS 0x00000000cd500000, 0x00000000cd500000| Untracked 
|  64|0x00000000cd600000, 0x00000000cd600000, 0x00000000cd700000|  0%| F|  |TAMS 0x00000000cd600000, 0x00000000cd600000| Untracked 
|  65|0x00000000cd700000, 0x00000000cd700000, 0x00000000cd800000|  0%| F|  |TAMS 0x00000000cd700000, 0x00000000cd700000| Untracked 
|  66|0x00000000cd800000, 0x00000000cd800000, 0x00000000cd900000|  0%| F|  |TAMS 0x00000000cd800000, 0x00000000cd800000| Untracked 
|  67|0x00000000cd900000, 0x00000000cd900000, 0x00000000cda00000|  0%| F|  |TAMS 0x00000000cd900000, 0x00000000cd900000| Untracked 
|  68|0x00000000cda00000, 0x00000000cda00000, 0x00000000cdb00000|  0%| F|  |TAMS 0x00000000cda00000, 0x00000000cda00000| Untracked 
|  69|0x00000000cdb00000, 0x00000000cdb00000, 0x00000000cdc00000|  0%| F|  |TAMS 0x00000000cdb00000, 0x00000000cdb00000| Untracked 
|  70|0x00000000cdc00000, 0x00000000cdc00000, 0x00000000cdd00000|  0%| F|  |TAMS 0x00000000cdc00000, 0x00000000cdc00000| Untracked 
|  71|0x00000000cdd00000, 0x00000000cdd00000, 0x00000000cde00000|  0%| F|  |TAMS 0x00000000cdd00000, 0x00000000cdd00000| Untracked 
|  72|0x00000000cde00000, 0x00000000cde00000, 0x00000000cdf00000|  0%| F|  |TAMS 0x00000000cde00000, 0x00000000cde00000| Untracked 
|  73|0x00000000cdf00000, 0x00000000cdf00000, 0x00000000ce000000|  0%| F|  |TAMS 0x00000000cdf00000, 0x00000000cdf00000| Untracked 
|  74|0x00000000ce000000, 0x00000000ce000000, 0x00000000ce100000|  0%| F|  |TAMS 0x00000000ce000000, 0x00000000ce000000| Untracked 
|  75|0x00000000ce100000, 0x00000000ce100000, 0x00000000ce200000|  0%| F|  |TAMS 0x00000000ce100000, 0x00000000ce100000| Untracked 
|  76|0x00000000ce200000, 0x00000000ce200000, 0x00000000ce300000|  0%| F|  |TAMS 0x00000000ce200000, 0x00000000ce200000| Untracked 
|  77|0x00000000ce300000, 0x00000000ce300000, 0x00000000ce400000|  0%| F|  |TAMS 0x00000000ce300000, 0x00000000ce300000| Untracked 
|  78|0x00000000ce400000, 0x00000000ce400000, 0x00000000ce500000|  0%| F|  |TAMS 0x00000000ce400000, 0x00000000ce400000| Untracked 
|  79|0x00000000ce500000, 0x00000000ce500000, 0x00000000ce600000|  0%| F|  |TAMS 0x00000000ce500000, 0x00000000ce500000| Untracked 
|  80|0x00000000ce600000, 0x00000000ce600000, 0x00000000ce700000|  0%| F|  |TAMS 0x00000000ce600000, 0x00000000ce600000| Untracked 
|  81|0x00000000ce700000, 0x00000000ce700000, 0x00000000ce800000|  0%| F|  |TAMS 0x00000000ce700000, 0x00000000ce700000| Untracked 
|  82|0x00000000ce800000, 0x00000000ce800000, 0x00000000ce900000|  0%| F|  |TAMS 0x00000000ce800000, 0x00000000ce800000| Untracked 
|  83|0x00000000ce900000, 0x00000000ce900000, 0x00000000cea00000|  0%| F|  |TAMS 0x00000000ce900000, 0x00000000ce900000| Untracked 
|  84|0x00000000cea00000, 0x00000000cea00000, 0x00000000ceb00000|  0%| F|  |TAMS 0x00000000cea00000, 0x00000000cea00000| Untracked 
|  85|0x00000000ceb00000, 0x00000000ceb00000, 0x00000000cec00000|  0%| F|  |TAMS 0x00000000ceb00000, 0x00000000ceb00000| Untracked 
|  86|0x00000000cec00000, 0x00000000cec00000, 0x00000000ced00000|  0%| F|  |TAMS 0x00000000cec00000, 0x00000000cec00000| Untracked 
|  87|0x00000000ced00000, 0x00000000ced00000, 0x00000000cee00000|  0%| F|  |TAMS 0x00000000ced00000, 0x00000000ced00000| Untracked 
|  88|0x00000000cee00000, 0x00000000cee00000, 0x00000000cef00000|  0%| F|  |TAMS 0x00000000cee00000, 0x00000000cee00000| Untracked 
|  89|0x00000000cef00000, 0x00000000cef00000, 0x00000000cf000000|  0%| F|  |TAMS 0x00000000cef00000, 0x00000000cef00000| Untracked 
|  90|0x00000000cf000000, 0x00000000cf000000, 0x00000000cf100000|  0%| F|  |TAMS 0x00000000cf000000, 0x00000000cf000000| Untracked 
|  91|0x00000000cf100000, 0x00000000cf100000, 0x00000000cf200000|  0%| F|  |TAMS 0x00000000cf100000, 0x00000000cf100000| Untracked 
|  92|0x00000000cf200000, 0x00000000cf200000, 0x00000000cf300000|  0%| F|  |TAMS 0x00000000cf200000, 0x00000000cf200000| Untracked 
|  93|0x00000000cf300000, 0x00000000cf300000, 0x00000000cf400000|  0%| F|  |TAMS 0x00000000cf300000, 0x00000000cf300000| Untracked 
|  94|0x00000000cf400000, 0x00000000cf400000, 0x00000000cf500000|  0%| F|  |TAMS 0x00000000cf400000, 0x00000000cf400000| Untracked 
|  95|0x00000000cf500000, 0x00000000cf500000, 0x00000000cf600000|  0%| F|  |TAMS 0x00000000cf500000, 0x00000000cf500000| Untracked 
|  96|0x00000000cf600000, 0x00000000cf600000, 0x00000000cf700000|  0%| F|  |TAMS 0x00000000cf600000, 0x00000000cf600000| Untracked 
|  97|0x00000000cf700000, 0x00000000cf700000, 0x00000000cf800000|  0%| F|  |TAMS 0x00000000cf700000, 0x00000000cf700000| Untracked 
|  98|0x00000000cf800000, 0x00000000cf800000, 0x00000000cf900000|  0%| F|  |TAMS 0x00000000cf800000, 0x00000000cf800000| Untracked 
|  99|0x00000000cf900000, 0x00000000cf900000, 0x00000000cfa00000|  0%| F|  |TAMS 0x00000000cf900000, 0x00000000cf900000| Untracked 
| 100|0x00000000cfa00000, 0x00000000cfa00000, 0x00000000cfb00000|  0%| F|  |TAMS 0x00000000cfa00000, 0x00000000cfa00000| Untracked 
| 101|0x00000000cfb00000, 0x00000000cfb00000, 0x00000000cfc00000|  0%| F|  |TAMS 0x00000000cfb00000, 0x00000000cfb00000| Untracked 
| 102|0x00000000cfc00000, 0x00000000cfc00000, 0x00000000cfd00000|  0%| F|  |TAMS 0x00000000cfc00000, 0x00000000cfc00000| Untracked 
| 103|0x00000000cfd00000, 0x00000000cfd00000, 0x00000000cfe00000|  0%| F|  |TAMS 0x00000000cfd00000, 0x00000000cfd00000| Untracked 
| 104|0x00000000cfe00000, 0x00000000cfe00000, 0x00000000cff00000|  0%| F|  |TAMS 0x00000000cfe00000, 0x00000000cfe00000| Untracked 
| 105|0x00000000cff00000, 0x00000000cff00000, 0x00000000d0000000|  0%| F|  |TAMS 0x00000000cff00000, 0x00000000cff00000| Untracked 
| 106|0x00000000d0000000, 0x00000000d0000000, 0x00000000d0100000|  0%| F|  |TAMS 0x00000000d0000000, 0x00000000d0000000| Untracked 
| 107|0x00000000d0100000, 0x00000000d0100000, 0x00000000d0200000|  0%| F|  |TAMS 0x00000000d0100000, 0x00000000d0100000| Untracked 
| 108|0x00000000d0200000, 0x00000000d0200000, 0x00000000d0300000|  0%| F|  |TAMS 0x00000000d0200000, 0x00000000d0200000| Untracked 
| 109|0x00000000d0300000, 0x00000000d0300000, 0x00000000d0400000|  0%| F|  |TAMS 0x00000000d0300000, 0x00000000d0300000| Untracked 
| 110|0x00000000d0400000, 0x00000000d0400000, 0x00000000d0500000|  0%| F|  |TAMS 0x00000000d0400000, 0x00000000d0400000| Untracked 
| 111|0x00000000d0500000, 0x00000000d0500000, 0x00000000d0600000|  0%| F|  |TAMS 0x00000000d0500000, 0x00000000d0500000| Untracked 
| 112|0x00000000d0600000, 0x00000000d0600000, 0x00000000d0700000|  0%| F|  |TAMS 0x00000000d0600000, 0x00000000d0600000| Untracked 
| 113|0x00000000d0700000, 0x00000000d0700000, 0x00000000d0800000|  0%| F|  |TAMS 0x00000000d0700000, 0x00000000d0700000| Untracked 
| 114|0x00000000d0800000, 0x00000000d0800000, 0x00000000d0900000|  0%| F|  |TAMS 0x00000000d0800000, 0x00000000d0800000| Untracked 
| 115|0x00000000d0900000, 0x00000000d0900000, 0x00000000d0a00000|  0%| F|  |TAMS 0x00000000d0900000, 0x00000000d0900000| Untracked 
| 116|0x00000000d0a00000, 0x00000000d0a00000, 0x00000000d0b00000|  0%| F|  |TAMS 0x00000000d0a00000, 0x00000000d0a00000| Untracked 
| 117|0x00000000d0b00000, 0x00000000d0b00000, 0x00000000d0c00000|  0%| F|  |TAMS 0x00000000d0b00000, 0x00000000d0b00000| Untracked 
| 118|0x00000000d0c00000, 0x00000000d0c00000, 0x00000000d0d00000|  0%| F|  |TAMS 0x00000000d0c00000, 0x00000000d0c00000| Untracked 
| 119|0x00000000d0d00000, 0x00000000d0d00000, 0x00000000d0e00000|  0%| F|  |TAMS 0x00000000d0d00000, 0x00000000d0d00000| Untracked 
| 120|0x00000000d0e00000, 0x00000000d0e00000, 0x00000000d0f00000|  0%| F|  |TAMS 0x00000000d0e00000, 0x00000000d0e00000| Untracked 
| 121|0x00000000d0f00000, 0x00000000d0f00000, 0x00000000d1000000|  0%| F|  |TAMS 0x00000000d0f00000, 0x00000000d0f00000| Untracked 
| 122|0x00000000d1000000, 0x00000000d1000000, 0x00000000d1100000|  0%| F|  |TAMS 0x00000000d1000000, 0x00000000d1000000| Untracked 
| 123|0x00000000d1100000, 0x00000000d1100000, 0x00000000d1200000|  0%| F|  |TAMS 0x00000000d1100000, 0x00000000d1100000| Untracked 
| 124|0x00000000d1200000, 0x00000000d1200000, 0x00000000d1300000|  0%| F|  |TAMS 0x00000000d1200000, 0x00000000d1200000| Untracked 
| 125|0x00000000d1300000, 0x00000000d1300000, 0x00000000d1400000|  0%| F|  |TAMS 0x00000000d1300000, 0x00000000d1300000| Untracked 
| 126|0x00000000d1400000, 0x00000000d1400000, 0x00000000d1500000|  0%| F|  |TAMS 0x00000000d1400000, 0x00000000d1400000| Untracked 
| 127|0x00000000d1500000, 0x00000000d1500000, 0x00000000d1600000|  0%| F|  |TAMS 0x00000000d1500000, 0x00000000d1500000| Untracked 
| 128|0x00000000d1600000, 0x00000000d1600000, 0x00000000d1700000|  0%| F|  |TAMS 0x00000000d1600000, 0x00000000d1600000| Untracked 
| 129|0x00000000d1700000, 0x00000000d1700000, 0x00000000d1800000|  0%| F|  |TAMS 0x00000000d1700000, 0x00000000d1700000| Untracked 
| 130|0x00000000d1800000, 0x00000000d1800000, 0x00000000d1900000|  0%| F|  |TAMS 0x00000000d1800000, 0x00000000d1800000| Untracked 
| 131|0x00000000d1900000, 0x00000000d1900000, 0x00000000d1a00000|  0%| F|  |TAMS 0x00000000d1900000, 0x00000000d1900000| Untracked 
| 132|0x00000000d1a00000, 0x00000000d1a00000, 0x00000000d1b00000|  0%| F|  |TAMS 0x00000000d1a00000, 0x00000000d1a00000| Untracked 
| 133|0x00000000d1b00000, 0x00000000d1b00000, 0x00000000d1c00000|  0%| F|  |TAMS 0x00000000d1b00000, 0x00000000d1b00000| Untracked 
| 134|0x00000000d1c00000, 0x00000000d1c00000, 0x00000000d1d00000|  0%| F|  |TAMS 0x00000000d1c00000, 0x00000000d1c00000| Untracked 
| 135|0x00000000d1d00000, 0x00000000d1d00000, 0x00000000d1e00000|  0%| F|  |TAMS 0x00000000d1d00000, 0x00000000d1d00000| Untracked 
| 136|0x00000000d1e00000, 0x00000000d1e00000, 0x00000000d1f00000|  0%| F|  |TAMS 0x00000000d1e00000, 0x00000000d1e00000| Untracked 
| 137|0x00000000d1f00000, 0x00000000d1f00000, 0x00000000d2000000|  0%| F|  |TAMS 0x00000000d1f00000, 0x00000000d1f00000| Untracked 
| 138|0x00000000d2000000, 0x00000000d2000000, 0x00000000d2100000|  0%| F|  |TAMS 0x00000000d2000000, 0x00000000d2000000| Untracked 
| 139|0x00000000d2100000, 0x00000000d2100000, 0x00000000d2200000|  0%| F|  |TAMS 0x00000000d2100000, 0x00000000d2100000| Untracked 
| 140|0x00000000d2200000, 0x00000000d2200000, 0x00000000d2300000|  0%| F|  |TAMS 0x00000000d2200000, 0x00000000d2200000| Untracked 
| 141|0x00000000d2300000, 0x00000000d2352708, 0x00000000d2400000| 32%| E|  |TAMS 0x00000000d2300000, 0x00000000d2300000| Complete 
| 142|0x00000000d2400000, 0x00000000d2500000, 0x00000000d2500000|100%| E|CS|TAMS 0x00000000d2400000, 0x00000000d2400000| Complete 
| 143|0x00000000d2500000, 0x00000000d2600000, 0x00000000d2600000|100%| E|CS|TAMS 0x00000000d2500000, 0x00000000d2500000| Complete 
| 144|0x00000000d2600000, 0x00000000d2700000, 0x00000000d2700000|100%| E|CS|TAMS 0x00000000d2600000, 0x00000000d2600000| Complete 
| 145|0x00000000d2700000, 0x00000000d2800000, 0x00000000d2800000|100%| E|CS|TAMS 0x00000000d2700000, 0x00000000d2700000| Complete 
| 146|0x00000000d2800000, 0x00000000d2900000, 0x00000000d2900000|100%| E|CS|TAMS 0x00000000d2800000, 0x00000000d2800000| Complete 
| 147|0x00000000d2900000, 0x00000000d2a00000, 0x00000000d2a00000|100%| E|CS|TAMS 0x00000000d2900000, 0x00000000d2900000| Complete 
| 148|0x00000000d2a00000, 0x00000000d2b00000, 0x00000000d2b00000|100%| E|CS|TAMS 0x00000000d2a00000, 0x00000000d2a00000| Complete 
| 149|0x00000000d2b00000, 0x00000000d2c00000, 0x00000000d2c00000|100%| E|CS|TAMS 0x00000000d2b00000, 0x00000000d2b00000| Complete 
| 150|0x00000000d2c00000, 0x00000000d2d00000, 0x00000000d2d00000|100%| E|CS|TAMS 0x00000000d2c00000, 0x00000000d2c00000| Complete 
| 151|0x00000000d2d00000, 0x00000000d2e00000, 0x00000000d2e00000|100%| E|CS|TAMS 0x00000000d2d00000, 0x00000000d2d00000| Complete 
| 152|0x00000000d2e00000, 0x00000000d2f00000, 0x00000000d2f00000|100%| E|CS|TAMS 0x00000000d2e00000, 0x00000000d2e00000| Complete 
| 153|0x00000000d2f00000, 0x00000000d3000000, 0x00000000d3000000|100%| E|CS|TAMS 0x00000000d2f00000, 0x00000000d2f00000| Complete 
| 154|0x00000000d3000000, 0x00000000d3100000, 0x00000000d3100000|100%| E|CS|TAMS 0x00000000d3000000, 0x00000000d3000000| Complete 
| 155|0x00000000d3100000, 0x00000000d3200000, 0x00000000d3200000|100%| E|CS|TAMS 0x00000000d3100000, 0x00000000d3100000| Complete 
| 156|0x00000000d3200000, 0x00000000d3300000, 0x00000000d3300000|100%| E|CS|TAMS 0x00000000d3200000, 0x00000000d3200000| Complete 
| 157|0x00000000d3300000, 0x00000000d3400000, 0x00000000d3400000|100%| E|CS|TAMS 0x00000000d3300000, 0x00000000d3300000| Complete 
| 158|0x00000000d3400000, 0x00000000d3500000, 0x00000000d3500000|100%| E|CS|TAMS 0x00000000d3400000, 0x00000000d3400000| Complete 
| 159|0x00000000d3500000, 0x00000000d3600000, 0x00000000d3600000|100%| E|CS|TAMS 0x00000000d3500000, 0x00000000d3500000| Complete 

Card table byte_map: [0x000001c0b71d0000,0x000001c0b7390000] _byte_map_base: 0x000001c0b6b85000

Marking Bits (Prev, Next): (CMBitMap*) 0x000001c09eab53d0, (CMBitMap*) 0x000001c09eab5410
 Prev Bits: [0x000001c0b7550000, 0x000001c0b82f8000)
 Next Bits: [0x000001c0b8300000, 0x000001c0b90a8000)

Polling page: 0x000001c09eb60000

Metaspace:

Usage:
  Non-class:     49.39 MB used.
      Class:      7.43 MB used.
       Both:     56.82 MB used.

Virtual space:
  Non-class space:       56.00 MB reserved,      49.56 MB ( 89%) committed,  7 nodes.
      Class space:        1.00 GB reserved,       7.62 MB ( <1%) committed,  1 nodes.
              Both:        1.05 GB reserved,      57.19 MB (  5%) committed. 

Chunk freelists:
   Non-Class:  1.75 MB
       Class:  302.00 KB
        Both:  2.04 MB

MaxMetaspaceSize: 17179869184.00 GB
CompressedClassSpaceSize: 1.00 GB
 - commit_granule_bytes: 65536.
 - commit_granule_words: 8192.
 - virtual_space_node_default_size: 1048576.
 - enlarge_chunks_in_place: 1.
 - new_chunks_are_fully_committed: 0.
 - uncommit_free_chunks: 1.
 - use_allocation_guard: 0.
 - handle_deallocations: 1.


Internal statistics:

num_allocs_failed_limit: 6.
num_arena_births: 458.
num_arena_deaths: 0.
num_vsnodes_births: 8.
num_vsnodes_deaths: 0.
num_space_committed: 915.
num_space_uncommitted: 0.
num_chunks_returned_to_freelist: 6.
num_chunks_taken_from_freelist: 2496.
num_chunk_merges: 6.
num_chunk_splits: 1743.
num_chunks_enlarged: 1363.
num_purges: 0.

CodeHeap 'non-profiled nmethods': size=120000Kb used=2092Kb max_used=2486Kb free=117907Kb
 bounds [0x000001c0af4c0000, 0x000001c0af740000, 0x000001c0b69f0000]
CodeHeap 'profiled nmethods': size=120000Kb used=10019Kb max_used=11120Kb free=109981Kb
 bounds [0x000001c0a7f90000, 0x000001c0a8ad0000, 0x000001c0af4c0000]
CodeHeap 'non-nmethods': size=5760Kb used=1325Kb max_used=1367Kb free=4434Kb
 bounds [0x000001c0a79f0000, 0x000001c0a7c60000, 0x000001c0a7f90000]
 total_blobs=5353 nmethods=4709 adapters=557
 compilation: enabled
              stopped_count=0, restarted_count=0
 full_count=0

Compilation events (20 events):
Event: 78.199 Thread 0x000001c0bb6124d0 5529   !   3       jdk.internal.reflect.GeneratedMethodAccessor18::invoke (63 bytes)
Event: 78.201 Thread 0x000001c0bb6124d0 nmethod 5529 0x000001c0a84f8190 code [0x000001c0a84f83c0, 0x000001c0a84f8ad8]
Event: 78.250 Thread 0x000001c0bb6124d0 5532       3       jdk.internal.reflect.AccessorGenerator::getClassName (197 bytes)
Event: 78.254 Thread 0x000001c0bb6124d0 nmethod 5532 0x000001c0a7f98910 code [0x000001c0a7f98d20, 0x000001c0a7f9a228]
Event: 78.297 Thread 0x000001c0bb6124d0 5534       2       java.util.Collections$UnmodifiableCollection::size (10 bytes)
Event: 78.298 Thread 0x000001c0bb6124d0 nmethod 5534 0x000001c0a7fa1110 code [0x000001c0a7fa12c0, 0x000001c0a7fa13e8]
Event: 78.410 Thread 0x000001c0bb6124d0 5535       1       jdk.internal.loader.AbstractClassLoaderValue$Sub::key (5 bytes)
Event: 78.410 Thread 0x000001c0bb6124d0 nmethod 5535 0x000001c0af54f690 code [0x000001c0af54f820, 0x000001c0af54f8f8]
Event: 78.421 Thread 0x000001c0bb6124d0 5536       2       jdk.internal.org.objectweb.asm.MethodWriter::visitJumpInsn (495 bytes)
Event: 78.436 Thread 0x000001c0bb6124d0 nmethod 5536 0x000001c0a86db910 code [0x000001c0a86dbbc0, 0x000001c0a86dc368]
Event: 78.436 Thread 0x000001c0bb6124d0 5537       2       jdk.internal.org.objectweb.asm.Label::put (83 bytes)
Event: 78.437 Thread 0x000001c0bb6124d0 nmethod 5537 0x000001c0a891d990 code [0x000001c0a891db80, 0x000001c0a891de18]
Event: 78.445 Thread 0x000001c0bb6124d0 5542   !   2       jdk.proxy2.$Proxy63::annotationType (29 bytes)
Event: 78.445 Thread 0x000001c0bb6124d0 nmethod 5542 0x000001c0a891d390 code [0x000001c0a891d560, 0x000001c0a891d7f8]
Event: 78.480 Thread 0x000001c0bb6124d0 5549   !   2       jdk.proxy2.$Proxy41::annotationType (29 bytes)
Event: 78.481 Thread 0x000001c0bb6124d0 nmethod 5549 0x000001c0a80ac890 code [0x000001c0a80aca60, 0x000001c0a80accf8]
Event: 78.682 Thread 0x000001c0bb6124d0 5553   !   2       jdk.proxy2.$Proxy53::annotationType (29 bytes)
Event: 78.682 Thread 0x000001c0bb6124d0 nmethod 5553 0x000001c0a80ac290 code [0x000001c0a80ac460, 0x000001c0a80ac6f8]
Event: 78.703 Thread 0x000001c0bb6124d0 5555   !   2       jdk.proxy2.$Proxy47::annotationType (29 bytes)
Event: 78.704 Thread 0x000001c0bb6124d0 nmethod 5555 0x000001c0a80abc90 code [0x000001c0a80abe60, 0x000001c0a80ac0f8]

GC Heap History (20 events):
Event: 38.304 GC heap before
{Heap before GC invocations=22 (full 0):
 garbage-first heap   total 48128K, used 29397K [0x00000000c9600000, 0x0000000100000000)
  region size 1024K, 7 young (7168K), 2 survivors (2048K)
 Metaspace       used 55238K, committed 55552K, reserved 1097728K
  class space    used 7277K, committed 7424K, reserved 1048576K
}
Event: 38.310 GC heap after
{Heap after GC invocations=23 (full 0):
 garbage-first heap   total 48128K, used 25836K [0x00000000c9600000, 0x0000000100000000)
  region size 1024K, 1 young (1024K), 1 survivors (1024K)
 Metaspace       used 55238K, committed 55552K, reserved 1097728K
  class space    used 7277K, committed 7424K, reserved 1048576K
}
Event: 38.476 GC heap before
{Heap before GC invocations=23 (full 0):
 garbage-first heap   total 48128K, used 37100K [0x00000000c9600000, 0x0000000100000000)
  region size 1024K, 12 young (12288K), 1 survivors (1024K)
 Metaspace       used 55258K, committed 55552K, reserved 1097728K
  class space    used 7277K, committed 7424K, reserved 1048576K
}
Event: 38.481 GC heap after
{Heap after GC invocations=24 (full 0):
 garbage-first heap   total 48128K, used 28356K [0x00000000c9600000, 0x0000000100000000)
  region size 1024K, 2 young (2048K), 2 survivors (2048K)
 Metaspace       used 55258K, committed 55552K, reserved 1097728K
  class space    used 7277K, committed 7424K, reserved 1048576K
}
Event: 38.643 GC heap before
{Heap before GC invocations=25 (full 0):
 garbage-first heap   total 51200K, used 36548K [0x00000000c9600000, 0x0000000100000000)
  region size 1024K, 11 young (11264K), 2 survivors (2048K)
 Metaspace       used 55272K, committed 55616K, reserved 1097728K
  class space    used 7277K, committed 7424K, reserved 1048576K
}
Event: 38.649 GC heap after
{Heap after GC invocations=26 (full 0):
 garbage-first heap   total 51200K, used 30373K [0x00000000c9600000, 0x0000000100000000)
  region size 1024K, 2 young (2048K), 2 survivors (2048K)
 Metaspace       used 55272K, committed 55616K, reserved 1097728K
  class space    used 7277K, committed 7424K, reserved 1048576K
}
Event: 38.828 GC heap before
{Heap before GC invocations=26 (full 0):
 garbage-first heap   total 51200K, used 39589K [0x00000000c9600000, 0x0000000100000000)
  region size 1024K, 11 young (11264K), 2 survivors (2048K)
 Metaspace       used 55321K, committed 55744K, reserved 1097728K
  class space    used 7285K, committed 7488K, reserved 1048576K
}
Event: 38.838 GC heap after
{Heap after GC invocations=27 (full 0):
 garbage-first heap   total 64512K, used 34063K [0x00000000c9600000, 0x0000000100000000)
  region size 1024K, 2 young (2048K), 2 survivors (2048K)
 Metaspace       used 55321K, committed 55744K, reserved 1097728K
  class space    used 7285K, committed 7488K, reserved 1048576K
}
Event: 39.196 GC heap before
{Heap before GC invocations=28 (full 0):
 garbage-first heap   total 64512K, used 47375K [0x00000000c9600000, 0x0000000100000000)
  region size 1024K, 15 young (15360K), 2 survivors (2048K)
 Metaspace       used 55364K, committed 55744K, reserved 1097728K
  class space    used 7288K, committed 7488K, reserved 1048576K
}
Event: 39.204 GC heap after
{Heap after GC invocations=29 (full 0):
 garbage-first heap   total 64512K, used 37050K [0x00000000c9600000, 0x0000000100000000)
  region size 1024K, 2 young (2048K), 2 survivors (2048K)
 Metaspace       used 55364K, committed 55744K, reserved 1097728K
  class space    used 7288K, committed 7488K, reserved 1048576K
}
Event: 39.310 GC heap before
{Heap before GC invocations=29 (full 0):
 garbage-first heap   total 64512K, used 47290K [0x00000000c9600000, 0x0000000100000000)
  region size 1024K, 13 young (13312K), 2 survivors (2048K)
 Metaspace       used 55374K, committed 55744K, reserved 1097728K
  class space    used 7288K, committed 7488K, reserved 1048576K
}
Event: 39.317 GC heap after
{Heap after GC invocations=30 (full 0):
 garbage-first heap   total 64512K, used 39918K [0x00000000c9600000, 0x0000000100000000)
  region size 1024K, 2 young (2048K), 2 survivors (2048K)
 Metaspace       used 55374K, committed 55744K, reserved 1097728K
  class space    used 7288K, committed 7488K, reserved 1048576K
}
Event: 39.546 GC heap before
{Heap before GC invocations=31 (full 0):
 garbage-first heap   total 81920K, used 49134K [0x00000000c9600000, 0x0000000100000000)
  region size 1024K, 11 young (11264K), 2 survivors (2048K)
 Metaspace       used 55403K, committed 55808K, reserved 1097728K
  class space    used 7288K, committed 7488K, reserved 1048576K
}
Event: 39.555 GC heap after
{Heap after GC invocations=32 (full 0):
 garbage-first heap   total 81920K, used 43194K [0x00000000c9600000, 0x0000000100000000)
  region size 1024K, 2 young (2048K), 2 survivors (2048K)
 Metaspace       used 55403K, committed 55808K, reserved 1097728K
  class space    used 7288K, committed 7488K, reserved 1048576K
}
Event: 39.591 GC heap before
{Heap before GC invocations=32 (full 0):
 garbage-first heap   total 81920K, used 44218K [0x00000000c9600000, 0x0000000100000000)
  region size 1024K, 4 young (4096K), 2 survivors (2048K)
 Metaspace       used 55405K, committed 55808K, reserved 1097728K
  class space    used 7288K, committed 7488K, reserved 1048576K
}
Event: 39.599 GC heap after
{Heap after GC invocations=33 (full 0):
 garbage-first heap   total 81920K, used 36673K [0x00000000c9600000, 0x0000000100000000)
  region size 1024K, 1 young (1024K), 1 survivors (1024K)
 Metaspace       used 55405K, committed 55808K, reserved 1097728K
  class space    used 7288K, committed 7488K, reserved 1048576K
}
Event: 39.681 GC heap before
{Heap before GC invocations=33 (full 0):
 garbage-first heap   total 81920K, used 45889K [0x00000000c9600000, 0x0000000100000000)
  region size 1024K, 11 young (11264K), 1 survivors (1024K)
 Metaspace       used 55412K, committed 55808K, reserved 1097728K
  class space    used 7288K, committed 7488K, reserved 1048576K
}
Event: 39.687 GC heap after
{Heap after GC invocations=34 (full 0):
 garbage-first heap   total 81920K, used 38588K [0x00000000c9600000, 0x0000000100000000)
  region size 1024K, 3 young (3072K), 3 survivors (3072K)
 Metaspace       used 55412K, committed 55808K, reserved 1097728K
  class space    used 7288K, committed 7488K, reserved 1048576K
}
Event: 39.896 GC heap before
{Heap before GC invocations=34 (full 0):
 garbage-first heap   total 81920K, used 59068K [0x00000000c9600000, 0x0000000100000000)
  region size 1024K, 23 young (23552K), 3 survivors (3072K)
 Metaspace       used 55423K, committed 55808K, reserved 1097728K
  class space    used 7288K, committed 7488K, reserved 1048576K
}
Event: 39.912 GC heap after
{Heap after GC invocations=35 (full 0):
 garbage-first heap   total 163840K, used 44611K [0x00000000c9600000, 0x0000000100000000)
  region size 1024K, 3 young (3072K), 3 survivors (3072K)
 Metaspace       used 55423K, committed 55808K, reserved 1097728K
  class space    used 7288K, committed 7488K, reserved 1048576K
}

Deoptimization events (20 events):
Event: 77.995 Thread 0x000001c0be2445b0 Uncommon trap: trap_request=0xffffffde fr.pc=0x000001c0af695d44 relative=0x00000000000002a4
Event: 77.995 Thread 0x000001c0be2445b0 Uncommon trap: reason=class_check action=maybe_recompile pc=0x000001c0af695d44 method=java.util.stream.StreamOpFlag.fromCharacteristics(Ljava/util/Spliterator;)I @ 14 c2
Event: 77.995 Thread 0x000001c0be2445b0 DEOPT PACKING pc=0x000001c0af695d44 sp=0x00000009033fcac0
Event: 77.995 Thread 0x000001c0be2445b0 DEOPT UNPACKING pc=0x000001c0a7a3d72e sp=0x00000009033fca00 mode 2
Event: 77.995 Thread 0x000001c0be2445b0 Uncommon trap: trap_request=0xffffffde fr.pc=0x000001c0af695d44 relative=0x00000000000002a4
Event: 77.995 Thread 0x000001c0be2445b0 Uncommon trap: reason=class_check action=maybe_recompile pc=0x000001c0af695d44 method=java.util.stream.StreamOpFlag.fromCharacteristics(Ljava/util/Spliterator;)I @ 14 c2
Event: 77.995 Thread 0x000001c0be2445b0 DEOPT PACKING pc=0x000001c0af695d44 sp=0x00000009033fcac0
Event: 77.996 Thread 0x000001c0be2445b0 DEOPT UNPACKING pc=0x000001c0a7a3d72e sp=0x00000009033fca00 mode 2
Event: 77.996 Thread 0x000001c0be2445b0 Uncommon trap: trap_request=0xffffffde fr.pc=0x000001c0af632080 relative=0x0000000000000060
Event: 77.996 Thread 0x000001c0be2445b0 Uncommon trap: reason=class_check action=maybe_recompile pc=0x000001c0af632080 method=java.util.stream.StreamOpFlag.fromCharacteristics(Ljava/util/Spliterator;)I @ 14 c2
Event: 77.996 Thread 0x000001c0be2445b0 DEOPT PACKING pc=0x000001c0af632080 sp=0x00000009033fca50
Event: 77.996 Thread 0x000001c0be2445b0 DEOPT UNPACKING pc=0x000001c0a7a3d72e sp=0x00000009033fc9e8 mode 2
Event: 78.499 Thread 0x000001c0be2445b0 Uncommon trap: trap_request=0xffffff45 fr.pc=0x000001c0af5cbf8c relative=0x000000000000016c
Event: 78.500 Thread 0x000001c0be2445b0 Uncommon trap: reason=unstable_if action=reinterpret pc=0x000001c0af5cbf8c method=java.util.stream.AbstractPipeline.evaluate(Ljava/util/stream/TerminalOp;)Ljava/lang/Object; @ 53 c2
Event: 78.500 Thread 0x000001c0be2445b0 DEOPT PACKING pc=0x000001c0af5cbf8c sp=0x00000009033fcb50
Event: 78.504 Thread 0x000001c0be2445b0 DEOPT UNPACKING pc=0x000001c0a7a3d72e sp=0x00000009033fcb10 mode 2
Event: 78.504 Thread 0x000001c0be2445b0 Uncommon trap: trap_request=0xffffff45 fr.pc=0x000001c0af5ccf24 relative=0x0000000000000104
Event: 78.504 Thread 0x000001c0be2445b0 Uncommon trap: reason=unstable_if action=reinterpret pc=0x000001c0af5ccf24 method=java.util.stream.AbstractPipeline.sourceSpliterator(I)Ljava/util/Spliterator; @ 82 c2
Event: 78.504 Thread 0x000001c0be2445b0 DEOPT PACKING pc=0x000001c0af5ccf24 sp=0x00000009033fcad0
Event: 78.504 Thread 0x000001c0be2445b0 DEOPT UNPACKING pc=0x000001c0a7a3d72e sp=0x00000009033fca60 mode 2

Classes unloaded (0 events):
No events

Classes redefined (0 events):
No events

Internal exceptions (20 events):
Event: 35.467 Thread 0x000001c09ea86b10 Exception <a 'java/lang/IncompatibleClassChangeError'{0x00000000cbb58888}: Found class java.lang.Object, but interface was expected> (0x00000000cbb58888) 
thrown [t:\workspace\open\src\hotspot\share\interpreter\linkResolver.cpp, line 857]
Event: 35.994 Thread 0x000001c09ea86b10 Exception <a 'java/lang/ClassNotFoundException'{0x00000000cc3482e0}: java/lang/ObjectCustomizer> (0x00000000cc3482e0) 
thrown [t:\workspace\open\src\hotspot\share\classfile\systemDictionary.cpp, line 256]
Event: 35.996 Thread 0x000001c09ea86b10 Exception <a 'java/lang/ClassNotFoundException'{0x00000000cc34f338}: org/springframework/web/servlet/config/annotation/WebMvcConfigurationSupportCustomizer> (0x00000000cc34f338) 
thrown [t:\workspace\open\src\hotspot\share\classfile\systemDictionary.cpp, line 256]
Event: 36.000 Thread 0x000001c09ea86b10 Exception <a 'java/lang/ClassNotFoundException'{0x00000000cc362478}: org/springframework/web/servlet/config/annotation/DelegatingWebMvcConfigurationCustomizer> (0x00000000cc362478) 
thrown [t:\workspace\open\src\hotspot\share\classfile\systemDictionary.cpp, line 256]
Event: 36.002 Thread 0x000001c09ea86b10 Exception <a 'java/lang/ClassNotFoundException'{0x00000000cc36a8d0}: org/springframework/boot/autoconfigure/web/servlet/WebMvcAutoConfiguration$EnableWebMvcConfigurationCustomizer> (0x00000000cc36a8d0) 
thrown [t:\workspace\open\src\hotspot\share\classfile\systemDictionary.cpp, line 256]
Event: 36.005 Thread 0x000001c09ea86b10 Exception <a 'java/lang/ClassNotFoundException'{0x00000000cc37d308}: org/springframework/context/ResourceLoaderAwareCustomizer> (0x00000000cc37d308) 
thrown [t:\workspace\open\src\hotspot\share\classfile\systemDictionary.cpp, line 256]
Event: 36.007 Thread 0x000001c09ea86b10 Exception <a 'java/lang/ClassNotFoundException'{0x00000000cc3814a0}: org/springframework/beans/factory/AwareCustomizer> (0x00000000cc3814a0) 
thrown [t:\workspace\open\src\hotspot\share\classfile\systemDictionary.cpp, line 256]
Event: 36.008 Thread 0x000001c09ea86b10 Exception <a 'java/lang/ClassNotFoundException'{0x00000000cc384a18}: org/springframework/context/ApplicationContextAwareCustomizer> (0x00000000cc384a18) 
thrown [t:\workspace\open\src\hotspot\share\classfile\systemDictionary.cpp, line 256]
Event: 36.011 Thread 0x000001c09ea86b10 Exception <a 'java/lang/ClassNotFoundException'{0x00000000cc3899d0}: org/springframework/beans/factory/AwareCustomizer> (0x00000000cc3899d0) 
thrown [t:\workspace\open\src\hotspot\share\classfile\systemDictionary.cpp, line 256]
Event: 36.012 Thread 0x000001c09ea86b10 Exception <a 'java/lang/ClassNotFoundException'{0x00000000cc38cf20}: org/springframework/web/context/ServletContextAwareCustomizer> (0x00000000cc38cf20) 
thrown [t:\workspace\open\src\hotspot\share\classfile\systemDictionary.cpp, line 256]
Event: 36.014 Thread 0x000001c09ea86b10 Exception <a 'java/lang/ClassNotFoundException'{0x00000000cc391510}: org/springframework/beans/factory/AwareCustomizer> (0x00000000cc391510) 
thrown [t:\workspace\open\src\hotspot\share\classfile\systemDictionary.cpp, line 256]
Event: 36.961 Thread 0x000001c09ea86b10 Exception <a 'java/lang/NoSuchMethodError'{0x00000000cc3c6330}: 'void java.lang.invoke.DirectMethodHandle$Holder.invokeVirtual(java.lang.Object, java.lang.Object, int)'> (0x00000000cc3c6330) 
thrown [t:\workspace\open\src\hotspot\share\interpreter\linkResolver.cpp, line 790]
Event: 36.970 Thread 0x000001c09ea86b10 Exception <a 'java/lang/NoSuchMethodError'{0x00000000cc3e1a80}: 'void java.lang.invoke.DirectMethodHandle$Holder.invokeVirtual(java.lang.Object, java.lang.Object, long)'> (0x00000000cc3e1a80) 
thrown [t:\workspace\open\src\hotspot\share\interpreter\linkResolver.cpp, line 790]
Event: 37.608 Thread 0x000001c09ea86b10 Exception <a 'java/lang/IncompatibleClassChangeError'{0x00000000cbcd67d8}: Found class java.lang.Object, but interface was expected> (0x00000000cbcd67d8) 
thrown [t:\workspace\open\src\hotspot\share\interpreter\linkResolver.cpp, line 857]
Event: 38.814 Thread 0x000001c0be244060 Implicit null exception at 0x000001c0af66c1ec to 0x000001c0af66c29c
Event: 40.355 Thread 0x000001c09ea86b10 Implicit null exception at 0x000001c0af5d8b5a to 0x000001c0af5d8d50
Event: 40.553 Thread 0x000001c09ea86b10 Exception <a 'java/lang/NoSuchMethodError'{0x00000000d2ed7c20}: 'java.lang.Object java.lang.invoke.DirectMethodHandle$Holder.invokeSpecial(java.lang.Object, java.lang.Object, int, java.lang.Object, int, java.lang.Object)'> (0x00000000d2ed7c20) 
thrown [t:\workspace\open\src\hotspot\share\interpreter\linkResolver.cpp, line 790]
Event: 40.557 Thread 0x000001c09ea86b10 Exception <a 'java/lang/NoSuchMethodError'{0x00000000d2edffe0}: 'java.lang.Object java.lang.invoke.DirectMethodHandle$Holder.newInvokeSpecial(java.lang.Object, java.lang.Object, int, java.lang.Object, int)'> (0x00000000d2edffe0) 
thrown [t:\workspace\open\src\hotspot\share\interpreter\linkResolver.cpp, line 790]
Event: 40.559 Thread 0x000001c09ea86b10 Exception <a 'java/lang/NoSuchMethodError'{0x00000000d2ee41f0}: 'java.lang.Object java.lang.invoke.DirectMethodHandle$Holder.invokeSpecial(java.lang.Object, java.lang.Object, java.lang.Object, int, java.lang.Object, int)'> (0x00000000d2ee41f0) 
thrown [t:\workspace\open\src\hotspot\share\interpreter\linkResolver.cpp, line 790]
Event: 40.564 Thread 0x000001c09ea86b10 Exception <a 'java/lang/NoSuchMethodError'{0x00000000d2eee620}: 'void java.lang.invoke.DirectMethodHandle$Holder.invokeVirtual(java.lang.Object, java.lang.Object)'> (0x00000000d2eee620) 
thrown [t:\workspace\open\src\hotspot\share\interpreter\linkResolver.cpp, line 790]

Events (20 events):
Event: 69.607 loading class sun/nio/cs/ThreadLocalCoders$Cache
Event: 69.607 loading class sun/nio/cs/ThreadLocalCoders$Cache done
Event: 69.608 loading class sun/nio/cs/ThreadLocalCoders$1 done
Event: 69.608 loading class sun/nio/cs/ThreadLocalCoders$2
Event: 69.608 loading class sun/nio/cs/ThreadLocalCoders$2 done
Event: 69.665 Executing  VM operation: HandshakeAllThreads
Event: 69.665 Executing  VM operation: HandshakeAllThreads done
Event: 69.665 Executing  VM operation: Cleanup
Event: 69.665 Executing  VM operation: Cleanup done
Event: 71.677 Executing  VM operation: Cleanup
Event: 71.726 Executing  VM operation: Cleanup done
Event: 73.743 Executing  VM operation: Cleanup
Event: 73.990 Executing  VM operation: Cleanup done
Event: 77.987 loading class java/util/TreeMap$KeySpliterator
Event: 77.993 loading class java/util/TreeMap$KeySpliterator done
Event: 78.011 Executing  VM operation: Cleanup
Event: 78.012 Executing  VM operation: Cleanup done
Event: 78.611 Thread 0x000001c0be245050 Thread added: 0x000001c0be245050
Event: 78.612 Thread 0x000001c0be2455a0 Thread added: 0x000001c0be2455a0
Event: 78.661 Thread 0x000001c0bfbc78c0 Thread added: 0x000001c0bfbc78c0


Dynamic libraries:
0x00007ff60a080000 - 0x00007ff60a090000 	C:\Desarrollo\java16\bin\java.exe
0x00007ff9be1f0000 - 0x00007ff9be3e5000 	C:\Windows\SYSTEM32\ntdll.dll
0x00007ff9bc430000 - 0x00007ff9bc4ee000 	C:\Windows\System32\KERNEL32.DLL
0x00007ff9bb900000 - 0x00007ff9bbbc8000 	C:\Windows\System32\KERNELBASE.dll
0x00007ff9bbf70000 - 0x00007ff9bc070000 	C:\Windows\System32\ucrtbase.dll
0x00007ff9a62e0000 - 0x00007ff9a62f8000 	C:\Desarrollo\java16\bin\jli.dll
0x00007ff9bc380000 - 0x00007ff9bc42e000 	C:\Windows\System32\ADVAPI32.dll
0x00007ff9bc7a0000 - 0x00007ff9bc83e000 	C:\Windows\System32\msvcrt.dll
0x00007ff9bd3c0000 - 0x00007ff9bd45c000 	C:\Windows\System32\sechost.dll
0x00007ff9bda20000 - 0x00007ff9bdb45000 	C:\Windows\System32\RPCRT4.dll
0x00007ff9a72c0000 - 0x00007ff9a72d9000 	C:\Desarrollo\java16\bin\VCRUNTIME140.dll
0x00007ff9bd150000 - 0x00007ff9bd2f0000 	C:\Windows\System32\USER32.dll
0x00007ff9bbbd0000 - 0x00007ff9bbbf2000 	C:\Windows\System32\win32u.dll
0x00007ff9be0b0000 - 0x00007ff9be0db000 	C:\Windows\System32\GDI32.dll
0x00007ff9bbe60000 - 0x00007ff9bbf6d000 	C:\Windows\System32\gdi32full.dll
0x00007ff9bbd00000 - 0x00007ff9bbd9d000 	C:\Windows\System32\msvcp_win.dll
0x00007ff9a7e60000 - 0x00007ff9a80fa000 	C:\Windows\WinSxS\amd64_microsoft.windows.common-controls_6595b64144ccf1df_6.0.19041.1110_none_60b5254171f9507e\COMCTL32.dll
0x00007ff9b2d60000 - 0x00007ff9b2d6a000 	C:\Windows\SYSTEM32\VERSION.dll
0x00007ff9bdb50000 - 0x00007ff9bdb80000 	C:\Windows\System32\IMM32.DLL
0x00007ff9b08e0000 - 0x00007ff9b08ec000 	C:\Desarrollo\java16\bin\vcruntime140_1.dll
0x00007ff997760000 - 0x00007ff9977f1000 	C:\Desarrollo\java16\bin\msvcp140.dll
0x00007ff98c880000 - 0x00007ff98d42b000 	C:\Desarrollo\java16\bin\server\jvm.dll
0x00007ff9bd460000 - 0x00007ff9bd468000 	C:\Windows\System32\PSAPI.DLL
0x00007ff9b8770000 - 0x00007ff9b8779000 	C:\Windows\SYSTEM32\WSOCK32.dll
0x00007ff9bd2f0000 - 0x00007ff9bd35b000 	C:\Windows\System32\WS2_32.dll
0x00007ff9b2d30000 - 0x00007ff9b2d57000 	C:\Windows\SYSTEM32\WINMM.dll
0x00007ff9b97b0000 - 0x00007ff9b97c2000 	C:\Windows\SYSTEM32\kernel.appcore.dll
0x00007ff9af470000 - 0x00007ff9af47a000 	C:\Desarrollo\java16\bin\jimage.dll
0x00007ff9a6960000 - 0x00007ff9a6b44000 	C:\Windows\SYSTEM32\DBGHELP.DLL
0x00007ff9a6e70000 - 0x00007ff9a6e9c000 	C:\Windows\SYSTEM32\dbgcore.DLL
0x00007ff9bbda0000 - 0x00007ff9bbe22000 	C:\Windows\System32\bcryptPrimitives.dll
0x00007ff9a8a80000 - 0x00007ff9a8a8e000 	C:\Desarrollo\java16\bin\instrument.dll
0x00007ff9a2cc0000 - 0x00007ff9a2ce5000 	C:\Desarrollo\java16\bin\java.dll
0x00007ff9bc840000 - 0x00007ff9bcf84000 	C:\Windows\System32\SHELL32.dll
0x00007ff9b99b0000 - 0x00007ff9ba144000 	C:\Windows\SYSTEM32\windows.storage.dll
0x00007ff9bdcc0000 - 0x00007ff9be015000 	C:\Windows\System32\combase.dll
0x00007ff9bb280000 - 0x00007ff9bb2ae000 	C:\Windows\SYSTEM32\Wldp.dll
0x00007ff9bc2d0000 - 0x00007ff9bc37d000 	C:\Windows\System32\SHCORE.dll
0x00007ff9bd360000 - 0x00007ff9bd3b5000 	C:\Windows\System32\shlwapi.dll
0x00007ff9bb840000 - 0x00007ff9bb85f000 	C:\Windows\SYSTEM32\profapi.dll
0x00007ff9a31f0000 - 0x00007ff9a3208000 	C:\Desarrollo\java16\bin\zip.dll
0x00007ff9a62c0000 - 0x00007ff9a62d9000 	C:\Desarrollo\java16\bin\net.dll
0x00007ff9b06e0000 - 0x00007ff9b07ec000 	C:\Windows\SYSTEM32\WINHTTP.dll
0x00007ff9bafc0000 - 0x00007ff9bb02a000 	C:\Windows\system32\mswsock.dll
0x00007ff9a32a0000 - 0x00007ff9a32b3000 	C:\Desarrollo\java16\bin\nio.dll
0x00007ff9a2ca0000 - 0x00007ff9a2cba000 	C:\Desarrollo\IntelliJ IDEA Community Edition 2021.1.2\bin\breakgen64.dll
0x00007ff9aea40000 - 0x00007ff9aea50000 	C:\Desarrollo\java16\bin\verify.dll
0x00007ff9ae840000 - 0x00007ff9ae849000 	C:\Desarrollo\java16\bin\management.dll
0x00007ff9aaf30000 - 0x00007ff9aaf3b000 	C:\Desarrollo\java16\bin\management_ext.dll
0x00007ff9ade00000 - 0x00007ff9ade17000 	C:\Windows\system32\napinsp.dll
0x00007ff9adde0000 - 0x00007ff9addfb000 	C:\Windows\system32\pnrpnsp.dll
0x00007ff9b6550000 - 0x00007ff9b6565000 	C:\Windows\system32\wshbth.dll
0x00007ff9b7260000 - 0x00007ff9b727d000 	C:\Windows\system32\NLAapi.dll
0x00007ff9bacb0000 - 0x00007ff9baceb000 	C:\Windows\SYSTEM32\IPHLPAPI.DLL
0x00007ff9bacf0000 - 0x00007ff9badbb000 	C:\Windows\SYSTEM32\DNSAPI.dll
0x00007ff9bc2c0000 - 0x00007ff9bc2c8000 	C:\Windows\System32\NSI.dll
0x00007ff9addc0000 - 0x00007ff9addd2000 	C:\Windows\System32\winrnr.dll
0x00007ff9a9780000 - 0x00007ff9a978a000 	C:\Windows\System32\rasadhlp.dll
0x00007ff9ad040000 - 0x00007ff9ad0bf000 	C:\Windows\System32\fwpuclnt.dll
0x00007ff9bbe30000 - 0x00007ff9bbe57000 	C:\Windows\System32\bcrypt.dll
0x00007ff9bb1d0000 - 0x00007ff9bb1e8000 	C:\Windows\SYSTEM32\CRYPTSP.dll
0x00007ff9ba920000 - 0x00007ff9ba954000 	C:\Windows\system32\rsaenh.dll
0x00007ff9bb7c0000 - 0x00007ff9bb7ee000 	C:\Windows\SYSTEM32\USERENV.dll
0x00007ff9bb1f0000 - 0x00007ff9bb1fc000 	C:\Windows\SYSTEM32\CRYPTBASE.dll
0x00007ff9af8e0000 - 0x00007ff9af8f7000 	C:\Windows\SYSTEM32\dhcpcsvc6.DLL
0x00007ff9b0fe0000 - 0x00007ff9b0ffd000 	C:\Windows\SYSTEM32\dhcpcsvc.DLL
0x00007ff9a9d30000 - 0x00007ff9a9d3e000 	C:\Desarrollo\java16\bin\sunmscapi.dll
0x00007ff9bc070000 - 0x00007ff9bc1c6000 	C:\Windows\System32\CRYPT32.dll
0x00007ff9bb2f0000 - 0x00007ff9bb317000 	C:\Windows\SYSTEM32\ncrypt.dll
0x00007ff9bb2b0000 - 0x00007ff9bb2eb000 	C:\Windows\SYSTEM32\NTASN1.dll
0x00007ff9a8c50000 - 0x00007ff9a8c57000 	C:\Windows\system32\wshunix.dll

dbghelp: loaded successfully - version: 4.0.5 - missing functions: none
symbol engine: initialized successfully - sym options: 0x614 - pdb path: .;C:\Desarrollo\java16\bin;C:\Windows\SYSTEM32;C:\Windows\WinSxS\amd64_microsoft.windows.common-controls_6595b64144ccf1df_6.0.19041.1110_none_60b5254171f9507e;C:\Desarrollo\java16\bin\server;C:\Desarrollo\IntelliJ IDEA Community Edition 2021.1.2\bin

VM Arguments:
jvm_args: -javaagent:C:\Desarrollo\IntelliJ IDEA Community Edition 2021.1.2\lib\idea_rt.jar=62035:C:\Desarrollo\IntelliJ IDEA Community Edition 2021.1.2\bin -Dfile.encoding=UTF-8 
java_command: com.aldeamo.bartender.BarTenderApplication
java_class_path (initial): C:\Desarrollo\Repositorios\bar-tender\target\classes;C:\Users\contr\.m2\repository\org\springframework\boot\spring-boot-starter-data-jpa\2.6.3\spring-boot-starter-data-jpa-2.6.3.jar;C:\Users\contr\.m2\repository\org\springframework\boot\spring-boot-starter-aop\2.6.3\spring-boot-starter-aop-2.6.3.jar;C:\Users\contr\.m2\repository\org\springframework\spring-aop\5.3.15\spring-aop-5.3.15.jar;C:\Users\contr\.m2\repository\org\aspectj\aspectjweaver\1.9.7\aspectjweaver-1.9.7.jar;C:\Users\contr\.m2\repository\org\springframework\boot\spring-boot-starter-jdbc\2.6.3\spring-boot-starter-jdbc-2.6.3.jar;C:\Users\contr\.m2\repository\com\zaxxer\HikariCP\4.0.3\HikariCP-4.0.3.jar;C:\Users\contr\.m2\repository\org\springframework\spring-jdbc\5.3.15\spring-jdbc-5.3.15.jar;C:\Users\contr\.m2\repository\jakarta\transaction\jakarta.transaction-api\1.3.3\jakarta.transaction-api-1.3.3.jar;C:\Users\contr\.m2\repository\jakarta\persistence\jakarta.persistence-api\2.2.3\jakarta.persistence-api-2.2.3.jar;C:\Users\contr\.m2\repository\org\hibernate\hibernate-core\5.6.4.Final\hibernate-core-5.6.4.Final.jar;C:\Users\contr\.m2\repository\org\jboss\logging\jboss-logging\3.4.3.Final\jboss-logging-3.4.3.Final.jar;C:\Users\contr\.m2\repository\net\bytebuddy\byte-buddy\1.11.22\byte-buddy-1.11.22.jar;C:\Users\contr\.m2\repository\antlr\antlr\2.7.7\antlr-2.7.7.jar;C:\Users\contr\.m2\repository\org\jboss\jandex\2.4.2.Final\jandex-2.4.2.Final.jar;C:\Users\contr\.m2\repository\org\hibernate\common\hibernate-commons-annotations\5.1.2.Final\hibernate-commons-annotations-5.1.2.Final.jar;C:\Users\contr\.m2\repository\org\glassfish\jaxb\jaxb-runtime\2.3.5\jaxb-runtime-2.3.5.jar;C:\Users\contr\.m2\repository\org\glassfish\jaxb\txw2\2.3.5\txw2-2.3.5.jar;C:\Users\contr\.m2\repository\com\sun\istack\istack-commons-runtime\3.0.12\istack-commons-runtime-3.0.12.jar;C:\Users\contr\.m2\repository\com\sun\activation\jakarta.activation\1.2.2\jakarta.activation-1.2.2.jar;C:\Users\contr\.m2\repo
Launcher Type: SUN_STANDARD

[Global flags]
     intx CICompilerCount                          = 3                                         {product} {ergonomic}
     uint ConcGCThreads                            = 1                                         {product} {ergonomic}
     uint G1ConcRefinementThreads                  = 4                                         {product} {ergonomic}
   size_t G1HeapRegionSize                         = 1048576                                   {product} {ergonomic}
    uintx GCDrainStackTargetSize                   = 64                                        {product} {ergonomic}
   size_t InitialHeapSize                          = 58720256                                  {product} {ergonomic}
   size_t MarkStackSize                            = 4194304                                   {product} {ergonomic}
   size_t MaxHeapSize                              = 916455424                                 {product} {ergonomic}
   size_t MaxNewSize                               = 549453824                                 {product} {ergonomic}
   size_t MinHeapDeltaBytes                        = 1048576                                   {product} {ergonomic}
   size_t MinHeapSize                              = 8388608                                   {product} {ergonomic}
    uintx NonNMethodCodeHeapSize                   = 5832780                                {pd product} {ergonomic}
    uintx NonProfiledCodeHeapSize                  = 122912730                              {pd product} {ergonomic}
    uintx ProfiledCodeHeapSize                     = 122912730                              {pd product} {ergonomic}
    uintx ReservedCodeCacheSize                    = 251658240                              {pd product} {ergonomic}
     bool SegmentedCodeCache                       = true                                      {product} {ergonomic}
   size_t SoftMaxHeapSize                          = 916455424                              {manageable} {ergonomic}
     bool UseCompressedClassPointers               = true                           {product lp64_product} {ergonomic}
     bool UseCompressedOops                        = true                           {product lp64_product} {ergonomic}
     bool UseG1GC                                  = true                                      {product} {ergonomic}
     bool UseLargePagesIndividualAllocation        = false                                  {pd product} {ergonomic}

Logging:
Log output configuration:
 #0: stdout all=warning uptime,level,tags
 #1: stderr all=off uptime,level,tags

Environment Variables:
PATH=C:\Program Files\Common Files\Oracle\Java\javapath;C:\Windows\system32;C:\Windows;C:\Windows\System32\Wbem;C:\Windows\System32\WindowsPowerShell\v1.0\;C:\Windows\System32\OpenSSH\;C:\Desarrollo\laragon\bin\php\php-7.4.19-Win32-vc15-x64;C:\Desarrollo\composer;C:\Desarrollo\Git\cmd;C:\Desarrollo\Minikube;;C:\Program Files\Docker\Docker\resources\bin;C:\ProgramData\DockerDesktop\version-bin;C:\Desarrollo\nodejs\;C:\Users\contr\AppData\Local\Microsoft\WindowsApps;;C:\Desarrollo\IntelliJ IDEA Community Edition 2021.1.2\bin;;C:\Users\contr\AppData\Roaming\Composer\vendor\bin;C:\Users\contr\AppData\Roaming\npm;C:\Desarrollo\Microsoft VS Code\bin
USERNAME=contr
OS=Windows_NT
PROCESSOR_IDENTIFIER=AMD64 Family 22 Model 48 Stepping 1, AuthenticAMD



---------------  S Y S T E M  ---------------

OS:
 Windows 10 , 64 bit Build 19041 (10.0.19041.1503)
OS uptime: 1 days 6:39 hours
Hyper-V role detected

CPU: total 4 (initial active 4) (4 cores per cpu, 1 threads per core) family 22 model 48 stepping 1 microcode 0x0, cx8, cmov, fxsr, mmx, 3dnowpref, sse, sse2, sse3, ssse3, sse4a, sse4.1, sse4.2, popcnt, lzcnt, tsc, tscinvbit, avx, aes, clmul, bmi1, vzeroupper, clflush, hv

Memory: 4k page, system-wide physical 3490M (255M free)
TotalPageFile size 14242M (AvailPageFile size 4M)
current process WorkingSet (physical memory assigned to process): 108M, peak: 235M
current process commit charge ("private bytes"): 349M, peak: 357M

vm_info: Java HotSpot(TM) 64-Bit Server VM (16.0.1+9-24) for windows-amd64 JRE (16.0.1+9-24), built on Mar 26 2021 19:31:42 by "mach5one" with MS VC++ 16.7 (VS2019)

END.
